  ArraySample.cpp
D:\2025531064_cmc\day12\day12\ArraySample.cpp(47,9): warning C4477: 'printf' : 서식 문자열 '%d'에 'int' 형식의 인수가 필요하지만 variadic 인수 1의 형식이 'size_t'입니다.
      D:\2025531064_cmc\day12\day12\ArraySample.cpp(47,9):
      서식 문자열에서 '%zd'을(를) 사용하는 것이 좋습니다.
  
D:\2025531064_cmc\day12\day12\ArraySample.cpp(48,9): warning C4477: 'printf' : 서식 문자열 '%d'에 'int' 형식의 인수가 필요하지만 variadic 인수 1의 형식이 'size_t'입니다.
      D:\2025531064_cmc\day12\day12\ArraySample.cpp(48,9):
      서식 문자열에서 '%zd'을(를) 사용하는 것이 좋습니다.
  
D:\2025531064_cmc\day12\day12\ArraySample.cpp(58,9): warning C4477: 'printf' : 서식 문자열 '%d'에 'int' 형식의 인수가 필요하지만 variadic 인수 1의 형식이 'size_t'입니다.
      D:\2025531064_cmc\day12\day12\ArraySample.cpp(58,9):
      서식 문자열에서 '%zd'을(를) 사용하는 것이 좋습니다.
  
D:\2025531064_cmc\day12\day12\ArraySample.cpp(81,9): warning C4477: 'printf' : 서식 문자열 '%d'에 'int' 형식의 인수가 필요하지만 variadic 인수 1의 형식이 'size_t'입니다.
      D:\2025531064_cmc\day12\day12\ArraySample.cpp(81,9):
      서식 문자열에서 '%zd'을(를) 사용하는 것이 좋습니다.
  
D:\2025531064_cmc\day12\day12\ArraySample.cpp(82,9): warning C4477: 'printf' : 서식 문자열 '%d'에 'int' 형식의 인수가 필요하지만 variadic 인수 1의 형식이 'size_t'입니다.
      D:\2025531064_cmc\day12\day12\ArraySample.cpp(82,9):
      서식 문자열에서 '%zd'을(를) 사용하는 것이 좋습니다.
  
D:\2025531064_cmc\day12\day12\ArraySample.cpp(83,9): warning C4477: 'printf' : 서식 문자열 '%d'에 'int' 형식의 인수가 필요하지만 variadic 인수 1의 형식이 'unsigned __int64'입니다.
      D:\2025531064_cmc\day12\day12\ArraySample.cpp(83,9):
      서식 문자열에서 '%lld'을(를) 사용하는 것이 좋습니다.
      D:\2025531064_cmc\day12\day12\ArraySample.cpp(83,9):
      서식 문자열에서 '%Id'을(를) 사용하는 것이 좋습니다.
      D:\2025531064_cmc\day12\day12\ArraySample.cpp(83,9):
      서식 문자열에서 '%I64d'을(를) 사용하는 것이 좋습니다.
  
  day12.vcxproj -> D:\2025531064_cmc\day12\x64\Debug\day12.exe
